0 info it worked if it ends with ok
1 verbose cli [ '/Users/maxpresman/.nvm/v0.10.40/bin/node',
1 verbose cli   '/Users/maxpresman/.nvm/v0.10.40/bin/npm',
1 verbose cli   'install',
1 verbose cli   '--save-dev',
1 verbose cli   'git@github.com:alex-seville/blanket.git#master' ]
2 info using npm@1.4.28
3 info using node@v0.10.40
4 warn package.json instaAPI@1.0.0 No repository field.
5 verbose readDependencies using package.json deps
6 verbose cache add [ 'git@github.com:alex-seville/blanket.git#master', null ]
7 verbose cache add name=undefined spec="git@github.com:alex-seville/blanket.git#master" args=["git@github.com:alex-seville/blanket.git#master",null]
8 verbose parsed url { protocol: null,
8 verbose parsed url   slashes: null,
8 verbose parsed url   auth: null,
8 verbose parsed url   host: null,
8 verbose parsed url   port: null,
8 verbose parsed url   hostname: null,
8 verbose parsed url   hash: '#master',
8 verbose parsed url   search: null,
8 verbose parsed url   query: null,
8 verbose parsed url   pathname: 'git@github.com:alex-seville/blanket.git',
8 verbose parsed url   path: 'git@github.com:alex-seville/blanket.git',
8 verbose parsed url   href: 'git@github.com:alex-seville/blanket.git#master' }
9 verbose cache add name="git" spec="github.com:alex-seville/blanket.git#master" args=["git","github.com:alex-seville/blanket.git#master"]
10 verbose parsed url { protocol: 'github.com:',
10 verbose parsed url   slashes: null,
10 verbose parsed url   auth: null,
10 verbose parsed url   host: 'alex-seville',
10 verbose parsed url   port: null,
10 verbose parsed url   hostname: 'alex-seville',
10 verbose parsed url   hash: '#master',
10 verbose parsed url   search: null,
10 verbose parsed url   query: null,
10 verbose parsed url   pathname: '/blanket.git',
10 verbose parsed url   path: '/blanket.git',
10 verbose parsed url   href: 'github.com:alex-seville/blanket.git#master' }
11 verbose addNamed [ 'git', 'github.com:alex-seville/blanket.git#master' ]
12 verbose addNamed [ null, null ]
13 silly lockFile ca1d5810--alex-seville-blanket-git-master git@github.com:alex-seville/blanket.git#master
14 verbose lock git@github.com:alex-seville/blanket.git#master /Users/maxpresman/.npm/ca1d5810--alex-seville-blanket-git-master.lock
15 info addNameTag [ 'git', 'github.com:alex-seville/blanket.git#master' ]
16 verbose request where is /git
17 verbose request registry https://registry.npmjs.org/
18 verbose request id cf7aced0f067b8d7
19 verbose url raw /git
20 verbose url resolving [ 'https://registry.npmjs.org/', './git' ]
21 verbose url resolved https://registry.npmjs.org/git
22 verbose request where is https://registry.npmjs.org/git
23 info trying registry request attempt 1 at 03:49:29
24 verbose etag "4Y9YM9XRKE9H24FVGGAC05I35"
25 http GET https://registry.npmjs.org/git
26 http 304 https://registry.npmjs.org/git
27 silly registry.get cb [ 304,
27 silly registry.get   { date: 'Sun, 12 Jul 2015 10:48:43 GMT',
27 silly registry.get     via: '1.1 varnish',
27 silly registry.get     'cache-control': 'max-age=60',
27 silly registry.get     etag: '"4Y9YM9XRKE9H24FVGGAC05I35"',
27 silly registry.get     age: '10',
27 silly registry.get     connection: 'keep-alive',
27 silly registry.get     'x-served-by': 'cache-dfw1831-DFW',
27 silly registry.get     'x-cache': 'HIT',
27 silly registry.get     'x-cache-hits': '1',
27 silly registry.get     'x-timer': 'S1436698123.162467,VS0,VE0',
27 silly registry.get     vary: 'Accept' } ]
28 verbose etag https://registry.npmjs.org/git from cache
29 info maybeGithub Attempting github.com:alex-seville/blanket.git#master from git://github.com/github.com:alex-seville/blanket.git#master
30 silly lockFile 3e86e651-hub-com-alex-seville-blanket-git git://github.com/github.com:alex-seville/blanket.git
31 verbose lock git://github.com/github.com:alex-seville/blanket.git /Users/maxpresman/.npm/3e86e651-hub-com-alex-seville-blanket-git.lock
32 verbose addRemoteGit [ 'git://github.com/github.com:alex-seville/blanket.git',
32 verbose addRemoteGit   'master' ]
33 verbose git clone git://github.com/github.com:alex-seville/blanket.git Cloning into bare repository '/Users/maxpresman/.npm/_git-remotes/git-github-com-github-com-alex-seville-blanket-git-3e86e651'...
33 verbose git clone git://github.com/github.com:alex-seville/blanket.git fatal: remote error:
33 verbose git clone git://github.com/github.com:alex-seville/blanket.git   github.com:alex-seville/blanket is not a valid repository name
33 verbose git clone git://github.com/github.com:alex-seville/blanket.git   Email support@github.com for help
34 silly lockFile 3e86e651-hub-com-alex-seville-blanket-git git://github.com/github.com:alex-seville/blanket.git
35 silly lockFile 3e86e651-hub-com-alex-seville-blanket-git git://github.com/github.com:alex-seville/blanket.git
36 info maybeGithub Attempting github.com:alex-seville/blanket.git#master from git+ssh://git@github.com:github.com:alex-seville/blanket.git#master
37 silly lockFile 30cbd9c5-hub-com-alex-seville-blanket-git git@github.com:github.com:alex-seville/blanket.git
38 verbose lock git@github.com:github.com:alex-seville/blanket.git /Users/maxpresman/.npm/30cbd9c5-hub-com-alex-seville-blanket-git.lock
39 verbose addRemoteGit [ 'git@github.com:github.com:alex-seville/blanket.git',
39 verbose addRemoteGit   'master' ]
40 error git clone git@github.com:github.com:alex-seville/blanket.git Cloning into bare repository '/Users/maxpresman/.npm/_git-remotes/git-github-com-github-com-alex-seville-blanket-git-30cbd9c5'...
40 error git clone git@github.com:github.com:alex-seville/blanket.git fatal: remote error:
40 error git clone git@github.com:github.com:alex-seville/blanket.git    is not a valid repository name
40 error git clone git@github.com:github.com:alex-seville/blanket.git   Email support@github.com for help
41 silly lockFile 30cbd9c5-hub-com-alex-seville-blanket-git git@github.com:github.com:alex-seville/blanket.git
42 silly lockFile 30cbd9c5-hub-com-alex-seville-blanket-git git@github.com:github.com:alex-seville/blanket.git
43 silly lockFile ca1d5810--alex-seville-blanket-git-master git@github.com:alex-seville/blanket.git#master
44 silly lockFile ca1d5810--alex-seville-blanket-git-master git@github.com:alex-seville/blanket.git#master
45 error notarget No compatible version found: git@'github.com:alex-seville/blanket.git#master'
45 error notarget Valid install targets:
45 error notarget ["0.1.0","0.1.1","0.1.2","0.1.3","0.1.4","0.1.5"]
45 error notarget
45 error notarget This is most likely not a problem with npm itself.
45 error notarget In most cases you or one of your dependencies are requesting
45 error notarget a package version that doesn't exist.
46 error System Darwin 14.3.0
47 error command "/Users/maxpresman/.nvm/v0.10.40/bin/node" "/Users/maxpresman/.nvm/v0.10.40/bin/npm" "install" "--save-dev" "git@github.com:alex-seville/blanket.git#master"
48 error cwd /Users/maxpresman/Desktop/OSS_control/instaRest
49 error node -v v0.10.40
50 error npm -v 1.4.28
51 error code ETARGET
52 verbose exit [ 1, true ]
